<?xml version="1.0" encoding="UTF-8"?>
<testsuite name="org.ikigaidigital.service.TimeDepositWithdrawalServiceImplTest" tests="7" skipped="0" failures="0" errors="0" timestamp="2025-03-30T19:22:22.870Z" hostname="ip-192-168-1-116.eu-west-2.compute.internal" time="0.022">
  <properties/>
  <testcase name="withdrawTimeDeposit should handle zero balance()" classname="org.ikigaidigital.service.TimeDepositWithdrawalServiceImplTest" time="0.018"/>
  <testcase name="withdrawTimeDeposit should handle zero withdrawal amount()" classname="org.ikigaidigital.service.TimeDepositWithdrawalServiceImplTest" time="0.001"/>
  <testcase name="withdrawTimeDeposit should handle negative withdrawal amount()" classname="org.ikigaidigital.service.TimeDepositWithdrawalServiceImplTest" time="0.0"/>
  <testcase name="withdrawTimeDeposit should return remaining balance()" classname="org.ikigaidigital.service.TimeDepositWithdrawalServiceImplTest" time="0.001"/>
  <testcase name="withdrawTimeDeposit should handle exact balance withdrawal()" classname="org.ikigaidigital.service.TimeDepositWithdrawalServiceImplTest" time="0.001"/>
  <testcase name="withdrawTimeDeposit should throw TimeDepositNotFoundException()" classname="org.ikigaidigital.service.TimeDepositWithdrawalServiceImplTest" time="0.0"/>
  <testcase name="withdrawTimeDeposit should throw InsufficientBalanceException()" classname="org.ikigaidigital.service.TimeDepositWithdrawalServiceImplTest" time="0.001"/>
  <system-out><![CDATA[]]></system-out>
  <system-err><![CDATA[]]></system-err>
</testsuite>
