<?xml version="1.0" encoding="UTF-8"?>
<testsuite name="org.ikigaidigital.strategy.BasicInterestStrategyTest" tests="1" skipped="0" failures="0" errors="0" timestamp="2025-03-30T19:22:22.892Z" hostname="ip-192-168-1-116.eu-west-2.compute.internal" time="0.179">
  <properties/>
  <testcase name="calculateInterest should use TimeDepositCalculator()" classname="org.ikigaidigital.strategy.BasicInterestStrategyTest" time="0.179"/>
  <system-out><![CDATA[]]></system-out>
  <system-err><![CDATA[]]></system-err>
</testsuite>
